[debug] [2018-11-30T11:19:51.309Z] ----------------------------------------------------------------------
[debug] [2018-11-30T11:19:51.311Z] Command:       /home/user/.nvm/versions/node/v10.13.0/bin/node /home/user/.nvm/versions/node/v10.13.0/bin/firebase serve --only functions
[debug] [2018-11-30T11:19:51.311Z] CLI Version:   6.1.1
[debug] [2018-11-30T11:19:51.312Z] Platform:      linux
[debug] [2018-11-30T11:19:51.312Z] Node Version:  v10.13.0
[debug] [2018-11-30T11:19:51.312Z] Time:          Fri Nov 30 2018 13:19:51 GMT+0200 (Eastern European Standard Time)
[debug] [2018-11-30T11:19:51.312Z] ----------------------------------------------------------------------
[debug] 
[debug] [2018-11-30T11:19:51.321Z] > command requires scopes: ["email","openid","https://www.googleapis.com/auth/cloudplatformprojects.readonly","https://www.googleapis.com/auth/firebase","https://www.googleapis.com/auth/cloud-platform"]
[debug] [2018-11-30T11:19:51.322Z] > authorizing via signed-in user
[debug] [2018-11-30T11:19:51.322Z] [iam] checking project ardas-xyz-vsp for permissions ["firebase.projects.get"]
[debug] [2018-11-30T11:19:51.324Z] >>> HTTP REQUEST POST https://cloudresourcemanager.googleapis.com/v1/projects/ardas-xyz-vsp:testIamPermissions  

[debug] [2018-11-30T11:19:52.733Z] <<< HTTP RESPONSE 200
[debug] [2018-11-30T11:19:52.735Z] >>> HTTP REQUEST GET https://cloudresourcemanager.googleapis.com/v1/projects/ardas-xyz-vsp  
 
[debug] [2018-11-30T11:19:54.127Z] <<< HTTP RESPONSE 200
[info] 
[info] === Serving from '/home/user/www/xyz-vsp-web'...
[info] 
[info] i  functions: Preparing to emulate functions.
[debug] [2018-11-30T11:19:54.601Z] Fetching environment
[debug] [2018-11-30T11:19:54.603Z] >>> HTTP REQUEST GET https://mobilesdk-pa.googleapis.com/v1/projects/606353935010:getServerAppConfig  
 
[debug] [2018-11-30T11:19:55.276Z] <<< HTTP RESPONSE 200
[debug] [2018-11-30T11:19:55.276Z] Starting @google-cloud/functions-emulator
[debug] [2018-11-30T11:19:56.808Z] Parsing function triggers
[info] ✔  functions: api: http://localhost:5000/ardas-xyz-vsp/us-central1/api
